<?xml version="1.0" encoding="UTF-8"?>
<testsuite xmlns:xsi="http://www.w3.org/2001/XMLSchema-instance" xsi:noNamespaceSchemaLocation="https://maven.apache.org/surefire/maven-surefire-plugin/xsd/surefire-test-report.xsd" name="com.mycompany.mule.extension.xyz.XyzOperationsTestCase" time="10.279" tests="2" errors="0" skipped="0" failures="0">
  <properties>
    <property name="gopherProxySet" value="false"/>
    <property name="awt.toolkit" value="sun.lwawt.macosx.LWCToolkit"/>
    <property name="file.encoding.pkg" value="sun.io"/>
    <property name="java.specification.version" value="1.8"/>
    <property name="sun.cpu.isalist" value=""/>
    <property name="sun.jnu.encoding" value="UTF-8"/>
    <property name="java.class.path" value="/Users/ryan.carter/workspace/mule-xyz-connector/target/test-classes:/Users/ryan.carter/workspace/mule-xyz-connector/target/classes:/Users/ryan.carter/.m2/repository/org/mule/runtime/mule-metadata-model-json/1.1.1/mule-metadata-model-json-1.1.1.jar:/Users/ryan.carter/.m2/repository/com/google/code/gson/gson/2.5/gson-2.5.jar:/Users/ryan.carter/.m2/repository/org/everit/json/org.everit.json.schema/1.5.0/org.everit.json.schema-1.5.0.jar:/Users/ryan.carter/.m2/repository/org/json/json/20160810/json-20160810.jar:/Users/ryan.carter/.m2/repository/commons-validator/commons-validator/1.5.1/commons-validator-1.5.1.jar:/Users/ryan.carter/.m2/repository/commons-digester/commons-digester/1.8.1/commons-digester-1.8.1.jar:/Users/ryan.carter/.m2/repository/commons-logging/commons-logging/1.2/commons-logging-1.2.jar:/Users/ryan.carter/.m2/repository/org/mule/runtime/mule-metadata-model-api/1.1.1/mule-metadata-model-api-1.1.1.jar:/Users/ryan.carter/.m2/repository/org/mule/runtime/api-annotations/1.0.1/api-annotations-1.0.1.jar:/Users/ryan.carter/.m2/repository/org/mule/services/mule-service-http/1.1.1/mule-service-http-1.1.1-mule-service.jar:/Users/ryan.carter/.m2/repository/org/apache/geronimo/specs/geronimo-servlet_3.0_spec/1.0/geronimo-servlet_3.0_spec-1.0.jar:/Users/ryan.carter/.m2/repository/org/glassfish/grizzly/grizzly-http-server/2.3.35/grizzly-http-server-2.3.35.jar:/Users/ryan.carter/.m2/repository/org/glassfish/grizzly/grizzly-http/2.3.35/grizzly-http-2.3.35.jar:/Users/ryan.carter/.m2/repository/org/glassfish/grizzly/connection-pool/2.3.35/connection-pool-2.3.35.jar:/Users/ryan.carter/.m2/repository/org/glassfish/grizzly/grizzly-framework/2.3.35/grizzly-framework-2.3.35.jar:/Users/ryan.carter/.m2/repository/javax/mail/mail/1.4.3/mail-1.4.3.jar:/Users/ryan.carter/.m2/repository/org/glassfish/grizzly/grizzly-http-client/1.14/grizzly-http-client-1.14.jar:/Users/ryan.carter/.m2/repository/org/glassfish/grizzly/grizzly-websockets/2.3.35/grizzly-websockets-2.3.35.jar:/Users/ryan.carter/.m2/repository/org/apache/commons/commons-text/1.1/commons-text-1.1.jar:/Users/ryan.carter/.m2/repository/commons-io/commons-io/2.4/commons-io-2.4.jar:/Users/ryan.carter/.m2/repository/com/google/guava/guava/23.5-jre/guava-23.5-jre.jar:/Users/ryan.carter/.m2/repository/com/google/code/findbugs/jsr305/1.3.9/jsr305-1.3.9.jar:/Users/ryan.carter/.m2/repository/org/checkerframework/checker-qual/2.0.0/checker-qual-2.0.0.jar:/Users/ryan.carter/.m2/repository/com/google/errorprone/error_prone_annotations/2.0.18/error_prone_annotations-2.0.18.jar:/Users/ryan.carter/.m2/repository/com/google/j2objc/j2objc-annotations/1.1/j2objc-annotations-1.1.jar:/Users/ryan.carter/.m2/repository/org/codehaus/mojo/animal-sniffer-annotations/1.14/animal-sniffer-annotations-1.14.jar:/Users/ryan.carter/.m2/repository/org/mule/runtime/mule-service-http-api/4.1.1/mule-service-http-api-4.1.1.jar:/Users/ryan.carter/.m2/repository/org/mule/runtime/mule-core/4.1.1/mule-core-4.1.1.jar:/Users/ryan.carter/.m2/repository/org/mule/runtime/mule-module-dsl-api/1.1.1/mule-module-dsl-api-1.1.1.jar:/Users/ryan.carter/.m2/repository/org/mule/runtime/mule-module-http-policy-api/1.1.1/mule-module-http-policy-api-1.1.1.jar:/Users/ryan.carter/.m2/repository/org/mule/runtime/mule-module-policy-api/1.1.1/mule-module-policy-api-1.1.1.jar:/Users/ryan.carter/.m2/repository/org/mule/runtime/mule-message-metadata-model/1.1.1/mule-message-metadata-model-1.1.1.jar:/Users/ryan.carter/.m2/repository/commons-beanutils/commons-beanutils/1.9.3/commons-beanutils-1.9.3.jar:/Users/ryan.carter/.m2/repository/com/github/stephenc/eaio-uuid/uuid/3.4.0/uuid-3.4.0.jar:/Users/ryan.carter/.m2/repository/com/github/stephenc/eaio-grabbag/grabbag/1.8.1/grabbag-1.8.1.jar:/Users/ryan.carter/.m2/repository/commons-cli/commons-cli/1.2/commons-cli-1.2.jar:/Users/ryan.carter/.m2/repository/commons-collections/commons-collections/3.2.2/commons-collections-3.2.2.jar:/Users/ryan.carter/.m2/repository/org/apache/commons/commons-lang3/3.6/commons-lang3-3.6.jar:/Users/ryan.carter/.m2/repository/commons-pool/commons-pool/1.6/commons-pool-1.6.jar:/Users/ryan.carter/.m2/repository/javax/transaction/javax.transaction-api/1.2/javax.transaction-api-1.2.jar:/Users/ryan.carter/.m2/repository/org/apache/geronimo/specs/geronimo-j2ee-connector_1.5_spec/2.0.0/geronimo-j2ee-connector_1.5_spec-2.0.0.jar:/Users/ryan.carter/.m2/repository/javax/inject/javax.inject/1/javax.inject-1.jar:/Users/ryan.carter/.m2/repository/org/mule/mvel/mule-mvel2/2.1.9-MULE-015/mule-mvel2-2.1.9-MULE-015.jar:/Users/ryan.carter/.m2/repository/org/jgrapht/jgrapht-jdk1.5/0.7.3/jgrapht-jdk1.5-0.7.3.jar:/Users/ryan.carter/.m2/repository/org/reflections/reflections/0.9.10/reflections-0.9.10.jar:/Users/ryan.carter/.m2/repository/org/mule/projectreactor/reactor-core/3.2.0.M1-MULE-001/reactor-core-3.2.0.M1-MULE-001.jar:/Users/ryan.carter/.m2/repository/io/projectreactor/addons/reactor-extra/3.1.2.RELEASE/reactor-extra-3.1.2.RELEASE.jar:/Users/ryan.carter/.m2/repository/org/yaml/snakeyaml/1.18/snakeyaml-1.18.jar:/Users/ryan.carter/.m2/repository/cglib/cglib-nodep/3.2.5/cglib-nodep-3.2.5.jar:/Users/ryan.carter/.m2/repository/org/apache/commons/commons-pool2/2.5.0/commons-pool2-2.5.0.jar:/Users/ryan.carter/.m2/repository/javax/jms/javax.jms-api/2.0.1/javax.jms-api-2.0.1.jar:/Users/ryan.carter/.m2/repository/org/mule/services/mule-service-scheduler/1.1.2/mule-service-scheduler-1.1.2-mule-service.jar:/Users/ryan.carter/.m2/repository/org/quartz-scheduler/quartz/2.2.3/quartz-2.2.3.jar:/Users/ryan.carter/.m2/repository/com/mchange/c3p0/0.9.5.2/c3p0-0.9.5.2.jar:/Users/ryan.carter/.m2/repository/com/mchange/mchange-commons-java/0.2.11/mchange-commons-java-0.2.11.jar:/Users/ryan.carter/.m2/repository/org/mule/runtime/mule-extensions-api/1.1.5/mule-extensions-api-1.1.5.jar:/Users/ryan.carter/.m2/repository/org/reactivestreams/reactive-streams/1.0.2/reactive-streams-1.0.2.jar:/Users/ryan.carter/.m2/repository/org/mule/runtime/mule-api/1.1.1/mule-api-1.1.1.jar:/Users/ryan.carter/.m2/repository/org/slf4j/slf4j-api/1.7.25/slf4j-api-1.7.25.jar:/Users/ryan.carter/.m2/repository/org/mule/runtime/mule-artifact-declaration/1.1.1/mule-artifact-declaration-1.1.1.jar:/Users/ryan.carter/.m2/repository/org/mule/runtime/mule-module-extensions-spring-support/4.1.1/mule-module-extensions-spring-support-4.1.1.jar:/Users/ryan.carter/.m2/repository/org/mule/runtime/mule-module-spring-config/4.1.1/mule-module-spring-config-4.1.1.jar:/Users/ryan.carter/.m2/repository/org/mule/runtime/mule-module-artifact/4.1.1/mule-module-artifact-4.1.1.jar:/Users/ryan.carter/.m2/repository/org/springframework/spring-context/4.1.9.RELEASE/spring-context-4.1.9.RELEASE.jar:/Users/ryan.carter/.m2/repository/org/springframework/spring-beans/4.1.9.RELEASE/spring-beans-4.1.9.RELEASE.jar:/Users/ryan.carter/.m2/repository/org/springframework/spring-core/4.1.9.RELEASE/spring-core-4.1.9.RELEASE.jar:/Users/ryan.carter/.m2/repository/org/springframework/spring-expression/4.1.9.RELEASE/spring-expression-4.1.9.RELEASE.jar:/Users/ryan.carter/.m2/repository/org/springframework/spring-aop/4.1.9.RELEASE/spring-aop-4.1.9.RELEASE.jar:/Users/ryan.carter/.m2/repository/aopalliance/aopalliance/1.0/aopalliance-1.0.jar:/Users/ryan.carter/.m2/repository/org/mule/runtime/mule-module-extensions-support/4.1.1/mule-module-extensions-support-4.1.1.jar:/Users/ryan.carter/.m2/repository/org/mule/runtime/mule-extensions-api-dsql/1.1.1/mule-extensions-api-dsql-1.1.1.jar:/Users/ryan.carter/.m2/repository/org/antlr/antlr-runtime/3.5/antlr-runtime-3.5.jar:/Users/ryan.carter/.m2/repository/org/antlr/stringtemplate/3.2.1/stringtemplate-3.2.1.jar:/Users/ryan.carter/.m2/repository/org/mule/runtime/mule-extensions-api-persistence/1.1.1/mule-extensions-api-persistence-1.1.1.jar:/Users/ryan.carter/.m2/repository/org/mule/runtime/mule-metadata-model-persistence/1.1.1/mule-metadata-model-persistence-1.1.1.jar:/Users/ryan.carter/.m2/repository/org/mule/runtime/mule-service-oauth-api/4.1.1/mule-service-oauth-api-4.1.1.jar:/Users/ryan.carter/.m2/repository/org/mule/runtime/mule-module-extensions-soap-support/4.1.1/mule-module-extensions-soap-support-4.1.1.jar:/Users/ryan.carter/.m2/repository/org/mule/runtime/mule-extensions-soap-api/1.1.1/mule-extensions-soap-api-1.1.1.jar:/Users/ryan.carter/.m2/repository/org/mule/runtime/mule-service-soap-api/4.1.1/mule-service-soap-api-4.1.1.jar:/Users/ryan.carter/.m2/repository/org/mule/runtime/mule-module-tls/4.1.1/mule-module-tls-4.1.1.jar:/Users/ryan.carter/.m2/repository/jboss/javassist/3.7.ga/javassist-3.7.ga.jar:/Users/ryan.carter/.m2/repository/joda-time/joda-time/2.9.1/joda-time-2.9.1.jar:/Users/ryan.carter/.m2/repository/dom4j/dom4j/1.6.1/dom4j-1.6.1.jar:/Users/ryan.carter/.m2/repository/jaxen/jaxen/1.1.1/jaxen-1.1.1.jar:/Users/ryan.carter/.m2/repository/org/mule/runtime/mule-extension-ast-loader/1.0.1/mule-extension-ast-loader-1.0.1.jar:/Users/ryan.carter/.m2/repository/org/mule/runtime/mule-metadata-model-java-ast/1.1.1/mule-metadata-model-java-ast-1.1.1.jar:/Users/ryan.carter/.m2/repository/org/mule/runtime/mule-metadata-model-xml/1.1.1/mule-metadata-model-xml-1.1.1.jar:/Users/ryan.carter/.m2/repository/org/apache/xmlbeans/xmlbeans/2.6.0/xmlbeans-2.6.0.jar:/Users/ryan.carter/.m2/repository/org/mule/apache/xerces2-xsd11/2.11.3/xerces2-xsd11-2.11.3.jar:/Users/ryan.carter/.m2/repository/org/mule/runtime/mule-metadata-model-java/1.1.1/mule-metadata-model-java-1.1.1.jar:/Users/ryan.carter/.m2/repository/org/mule/runtime/mule-module-service/4.1.1/mule-module-service-4.1.1.jar:/Users/ryan.carter/.m2/repository/org/mule/runtime/mule-module-container/4.1.1/mule-module-container-4.1.1.jar:/Users/ryan.carter/.m2/repository/org/mule/runtime/mule-module-deployment-model/4.1.1/mule-module-deployment-model-4.1.1.jar:/Users/ryan.carter/.m2/repository/org/mule/runtime/mule-module-reboot/4.1.1/mule-module-reboot-4.1.1.jar:/Users/ryan.carter/.m2/repository/tanukisoft/wrapper/3.2.3/wrapper-3.2.3.jar:/Users/ryan.carter/.m2/repository/org/mule/tools/maven/mule-classloader-model/3.1.1/mule-classloader-model-3.1.1.jar:/Users/ryan.carter/.m2/repository/org/mule/services/mule-service-weave/2.1.2/mule-service-weave-2.1.2-mule-service.jar:/Users/ryan.carter/.m2/repository/org/scala-lang/scala-library/2.12.4/scala-library-2.12.4.jar:/Users/ryan.carter/.m2/repository/org/mule/weave/runtime/2.1.2/runtime-2.1.2.jar:/Users/ryan.carter/.m2/repository/org/mule/weave/wlang/2.1.2/wlang-2.1.2.jar:/Users/ryan.carter/.m2/repository/org/mule/weave/core/2.1.2/core-2.1.2.jar:/Users/ryan.carter/.m2/repository/org/mule/weave/parser/2.1.2/parser-2.1.2.jar:/Users/ryan.carter/.m2/repository/org/parboiled/parboiled_2.12/2.1.4/parboiled_2.12-2.1.4.jar:/Users/ryan.carter/.m2/repository/com/chuusai/shapeless_2.12/2.3.2/shapeless_2.12-2.3.2.jar:/Users/ryan.carter/.m2/repository/org/typelevel/macro-compat_2.12/1.1.1/macro-compat_2.12-1.1.1.jar:/Users/ryan.carter/.m2/repository/org/typelevel/spire_2.12/0.14.1/spire_2.12-0.14.1.jar:/Users/ryan.carter/.m2/repository/org/typelevel/spire-macros_2.12/0.14.1/spire-macros_2.12-0.14.1.jar:/Users/ryan.carter/.m2/repository/org/typelevel/machinist_2.12/0.6.1/machinist_2.12-0.6.1.jar:/Users/ryan.carter/.m2/repository/org/scala-lang/scala-reflect/2.12.0/scala-reflect-2.12.0.jar:/Users/ryan.carter/.m2/repository/org/typelevel/algebra_2.12/0.7.0/algebra_2.12-0.7.0.jar:/Users/ryan.carter/.m2/repository/org/typelevel/cats-kernel_2.12/0.9.0/cats-kernel_2.12-0.9.0.jar:/Users/ryan.carter/.m2/repository/org/mule/weave/core-modules/2.1.2/core-modules-2.1.2.jar:/Users/ryan.carter/.m2/repository/com/fasterxml/woodstox/woodstox-core/5.0.2/woodstox-core-5.0.2.jar:/Users/ryan.carter/.m2/repository/org/codehaus/woodstox/stax2-api/3.1.4/stax2-api-3.1.4.jar:/Users/ryan.carter/.m2/repository/com/fasterxml/aalto-xml/1.0.0/aalto-xml-1.0.0.jar:/Users/ryan.carter/.m2/repository/org/mule/weave/debugger/2.1.2/debugger-2.1.2.jar:/Users/ryan.carter/.m2/repository/org/mule/weave/yaml-module/2.1.2/yaml-module-2.1.2.jar:/Users/ryan.carter/.m2/repository/org/mule/syaml/syaml_2.12/0.0.10/syaml_2.12-0.0.10.jar:/Users/ryan.carter/.m2/repository/org/mule/common/scala-common_2.12/0.1.2/scala-common_2.12-0.1.2.jar:/Users/ryan.carter/.m2/repository/org/scalactic/scalactic_2.12/3.0.1/scalactic_2.12-3.0.1.jar:/Users/ryan.carter/.m2/repository/org/mule/tests/plugin/mule-tests-component-plugin/4.1.1/mule-tests-component-plugin-4.1.1-mule-plugin.jar:/Users/ryan.carter/.m2/repository/org/mule/tests/plugin/mule-core-deprecated-schema-plugin/4.1.1/mule-core-deprecated-schema-plugin-4.1.1-mule-plugin.jar:/Users/ryan.carter/.m2/repository/org/mule/tests/mule-tests-functional/4.1.1/mule-tests-functional-4.1.1.jar:/Users/ryan.carter/.m2/repository/org/mule/runtime/mule-module-service/4.1.1/mule-module-service-4.1.1-tests.jar:/Users/ryan.carter/.m2/repository/org/mule/runtime/mule-module-artifact/4.1.1/mule-module-artifact-4.1.1-tests.jar:/Users/ryan.carter/.m2/repository/org/mule/tests/mule-tests-model/4.1.1/mule-tests-model-4.1.1.jar:/Users/ryan.carter/.m2/repository/org/mule/tests/mule-tests-runner/4.1.1/mule-tests-runner-4.1.1.jar:/Users/ryan.carter/.m2/repository/org/mule/mule-maven-client-api/1.1.1/mule-maven-client-api-1.1.1.jar:/Users/ryan.carter/.m2/repository/org/apache/maven/maven-model/3.3.9/maven-model-3.3.9.jar:/Users/ryan.carter/.m2/repository/org/codehaus/plexus/plexus-utils/3.0.24/plexus-utils-3.0.24.jar:/Users/ryan.carter/.m2/repository/org/mule/mule-maven-client-impl/1.1.1/mule-maven-client-impl-1.1.1.jar:/Users/ryan.carter/.m2/repository/com/vdurmont/semver4j/2.0.3/semver4j-2.0.3.jar:/Users/ryan.carter/.m2/repository/org/eclipse/aether/aether-api/1.0.2.v20150114/aether-api-1.0.2.v20150114.jar:/Users/ryan.carter/.m2/repository/org/eclipse/aether/aether-util/1.0.2.v20150114/aether-util-1.0.2.v20150114.jar:/Users/ryan.carter/.m2/repository/org/eclipse/aether/aether-connector-basic/1.0.2.v20150114/aether-connector-basic-1.0.2.v20150114.jar:/Users/ryan.carter/.m2/repository/org/eclipse/aether/aether-spi/1.0.2.v20150114/aether-spi-1.0.2.v20150114.jar:/Users/ryan.carter/.m2/repository/org/eclipse/aether/aether-transport-file/1.0.2.v20150114/aether-transport-file-1.0.2.v20150114.jar:/Users/ryan.carter/.m2/repository/org/eclipse/aether/aether-transport-http/1.0.2.v20150114/aether-transport-http-1.0.2.v20150114.jar:/Users/ryan.carter/.m2/repository/org/apache/httpcomponents/httpclient/4.5.4/httpclient-4.5.4.jar:/Users/ryan.carter/.m2/repository/org/apache/httpcomponents/httpcore/4.4.7/httpcore-4.4.7.jar:/Users/ryan.carter/.m2/repository/commons-codec/commons-codec/1.10/commons-codec-1.10.jar:/Users/ryan.carter/.m2/repository/org/apache/maven/maven-settings-builder/3.3.9/maven-settings-builder-3.3.9.jar:/Users/ryan.carter/.m2/repository/org/apache/maven/maven-builder-support/3.3.9/maven-builder-support-3.3.9.jar:/Users/ryan.carter/.m2/repository/org/codehaus/plexus/plexus-interpolation/1.21/plexus-interpolation-1.21.jar:/Users/ryan.carter/.m2/repository/org/codehaus/plexus/plexus-component-annotations/1.6/plexus-component-annotations-1.6.jar:/Users/ryan.carter/.m2/repository/org/apache/maven/maven-settings/3.3.9/maven-settings-3.3.9.jar:/Users/ryan.carter/.m2/repository/org/sonatype/plexus/plexus-sec-dispatcher/1.3/plexus-sec-dispatcher-1.3.jar:/Users/ryan.carter/.m2/repository/org/sonatype/plexus/plexus-cipher/1.4/plexus-cipher-1.4.jar:/Users/ryan.carter/.m2/repository/org/apache/maven/maven-aether-provider/3.3.9/maven-aether-provider-3.3.9.jar:/Users/ryan.carter/.m2/repository/org/apache/maven/maven-model-builder/3.3.9/maven-model-builder-3.3.9.jar:/Users/ryan.carter/.m2/repository/org/apache/maven/maven-artifact/3.3.9/maven-artifact-3.3.9.jar:/Users/ryan.carter/.m2/repository/org/apache/maven/maven-repository-metadata/3.3.9/maven-repository-metadata-3.3.9.jar:/Users/ryan.carter/.m2/repository/org/eclipse/aether/aether-impl/1.0.2.v20150114/aether-impl-1.0.2.v20150114.jar:/Users/ryan.carter/.m2/repository/com/beust/jcommander/1.69/jcommander-1.69.jar:/Users/ryan.carter/.m2/repository/junit/junit/4.12/junit-4.12.jar:/Users/ryan.carter/.m2/repository/org/mule/tests/mule-tests-unit/4.1.1/mule-tests-unit-4.1.1.jar:/Users/ryan.carter/.m2/repository/org/mule/runtime/mule-module-logging/4.1.1/mule-module-logging-4.1.1.jar:/Users/ryan.carter/.m2/repository/com/lmax/disruptor/3.3.7/disruptor-3.3.7.jar:/Users/ryan.carter/.m2/repository/org/apache/logging/log4j/log4j-api/2.10.0/log4j-api-2.10.0.jar:/Users/ryan.carter/.m2/repository/org/apache/logging/log4j/log4j-core/2.10.0/log4j-core-2.10.0.jar:/Users/ryan.carter/.m2/repository/org/apache/logging/log4j/log4j-slf4j-impl/2.10.0/log4j-slf4j-impl-2.10.0.jar:/Users/ryan.carter/.m2/repository/org/apache/logging/log4j/log4j-1.2-api/2.10.0/log4j-1.2-api-2.10.0.jar:/Users/ryan.carter/.m2/repository/org/slf4j/jcl-over-slf4j/1.7.25/jcl-over-slf4j-1.7.25.jar:/Users/ryan.carter/.m2/repository/org/slf4j/jul-to-slf4j/1.7.25/jul-to-slf4j-1.7.25.jar:/Users/ryan.carter/.m2/repository/org/mockito/mockito-core/1.10.19/mockito-core-1.10.19.jar:/Users/ryan.carter/.m2/repository/org/objenesis/objenesis/2.1/objenesis-2.1.jar:/Users/ryan.carter/.m2/repository/org/hamcrest/hamcrest-library/1.3/hamcrest-library-1.3.jar:/Users/ryan.carter/.m2/repository/org/hamcrest/hamcrest-core/1.3/hamcrest-core-1.3.jar:"/>
    <property name="java.vm.vendor" value="Oracle Corporation"/>
    <property name="sun.arch.data.model" value="64"/>
    <property name="java.vendor.url" value="http://java.oracle.com/"/>
    <property name="user.timezone" value=""/>
    <property name="java.vm.specification.version" value="1.8"/>
    <property name="os.name" value="Mac OS X"/>
    <property name="user.country" value="GB"/>
    <property name="sun.java.launcher" value="SUN_STANDARD"/>
    <property name="sun.boot.library.path" value="/Library/Java/JavaVirtualMachines/jdk1.8.0_202.jdk/Contents/Home/jre/lib"/>
    <property name="sun.java.command" value="/Users/ryan.carter/workspace/mule-xyz-connector/target/surefire/surefirebooter4021108292906085391.jar /Users/ryan.carter/workspace/mule-xyz-connector/target/surefire 2019-08-16T11-50-32_618-jvmRun1 surefire8696863488940526180tmp surefire_05490655468623055562tmp"/>
    <property name="http.nonProxyHosts" value="local|*.local|169.254/16|*.169.254/16"/>
    <property name="surefire.test.class.path" value="/Users/ryan.carter/workspace/mule-xyz-connector/target/test-classes:/Users/ryan.carter/workspace/mule-xyz-connector/target/classes:/Users/ryan.carter/.m2/repository/org/mule/runtime/mule-metadata-model-json/1.1.1/mule-metadata-model-json-1.1.1.jar:/Users/ryan.carter/.m2/repository/com/google/code/gson/gson/2.5/gson-2.5.jar:/Users/ryan.carter/.m2/repository/org/everit/json/org.everit.json.schema/1.5.0/org.everit.json.schema-1.5.0.jar:/Users/ryan.carter/.m2/repository/org/json/json/20160810/json-20160810.jar:/Users/ryan.carter/.m2/repository/commons-validator/commons-validator/1.5.1/commons-validator-1.5.1.jar:/Users/ryan.carter/.m2/repository/commons-digester/commons-digester/1.8.1/commons-digester-1.8.1.jar:/Users/ryan.carter/.m2/repository/commons-logging/commons-logging/1.2/commons-logging-1.2.jar:/Users/ryan.carter/.m2/repository/org/mule/runtime/mule-metadata-model-api/1.1.1/mule-metadata-model-api-1.1.1.jar:/Users/ryan.carter/.m2/repository/org/mule/runtime/api-annotations/1.0.1/api-annotations-1.0.1.jar:/Users/ryan.carter/.m2/repository/org/mule/services/mule-service-http/1.1.1/mule-service-http-1.1.1-mule-service.jar:/Users/ryan.carter/.m2/repository/org/apache/geronimo/specs/geronimo-servlet_3.0_spec/1.0/geronimo-servlet_3.0_spec-1.0.jar:/Users/ryan.carter/.m2/repository/org/glassfish/grizzly/grizzly-http-server/2.3.35/grizzly-http-server-2.3.35.jar:/Users/ryan.carter/.m2/repository/org/glassfish/grizzly/grizzly-http/2.3.35/grizzly-http-2.3.35.jar:/Users/ryan.carter/.m2/repository/org/glassfish/grizzly/connection-pool/2.3.35/connection-pool-2.3.35.jar:/Users/ryan.carter/.m2/repository/org/glassfish/grizzly/grizzly-framework/2.3.35/grizzly-framework-2.3.35.jar:/Users/ryan.carter/.m2/repository/javax/mail/mail/1.4.3/mail-1.4.3.jar:/Users/ryan.carter/.m2/repository/org/glassfish/grizzly/grizzly-http-client/1.14/grizzly-http-client-1.14.jar:/Users/ryan.carter/.m2/repository/org/glassfish/grizzly/grizzly-websockets/2.3.35/grizzly-websockets-2.3.35.jar:/Users/ryan.carter/.m2/repository/org/apache/commons/commons-text/1.1/commons-text-1.1.jar:/Users/ryan.carter/.m2/repository/commons-io/commons-io/2.4/commons-io-2.4.jar:/Users/ryan.carter/.m2/repository/com/google/guava/guava/23.5-jre/guava-23.5-jre.jar:/Users/ryan.carter/.m2/repository/com/google/code/findbugs/jsr305/1.3.9/jsr305-1.3.9.jar:/Users/ryan.carter/.m2/repository/org/checkerframework/checker-qual/2.0.0/checker-qual-2.0.0.jar:/Users/ryan.carter/.m2/repository/com/google/errorprone/error_prone_annotations/2.0.18/error_prone_annotations-2.0.18.jar:/Users/ryan.carter/.m2/repository/com/google/j2objc/j2objc-annotations/1.1/j2objc-annotations-1.1.jar:/Users/ryan.carter/.m2/repository/org/codehaus/mojo/animal-sniffer-annotations/1.14/animal-sniffer-annotations-1.14.jar:/Users/ryan.carter/.m2/repository/org/mule/runtime/mule-service-http-api/4.1.1/mule-service-http-api-4.1.1.jar:/Users/ryan.carter/.m2/repository/org/mule/runtime/mule-core/4.1.1/mule-core-4.1.1.jar:/Users/ryan.carter/.m2/repository/org/mule/runtime/mule-module-dsl-api/1.1.1/mule-module-dsl-api-1.1.1.jar:/Users/ryan.carter/.m2/repository/org/mule/runtime/mule-module-http-policy-api/1.1.1/mule-module-http-policy-api-1.1.1.jar:/Users/ryan.carter/.m2/repository/org/mule/runtime/mule-module-policy-api/1.1.1/mule-module-policy-api-1.1.1.jar:/Users/ryan.carter/.m2/repository/org/mule/runtime/mule-message-metadata-model/1.1.1/mule-message-metadata-model-1.1.1.jar:/Users/ryan.carter/.m2/repository/commons-beanutils/commons-beanutils/1.9.3/commons-beanutils-1.9.3.jar:/Users/ryan.carter/.m2/repository/com/github/stephenc/eaio-uuid/uuid/3.4.0/uuid-3.4.0.jar:/Users/ryan.carter/.m2/repository/com/github/stephenc/eaio-grabbag/grabbag/1.8.1/grabbag-1.8.1.jar:/Users/ryan.carter/.m2/repository/commons-cli/commons-cli/1.2/commons-cli-1.2.jar:/Users/ryan.carter/.m2/repository/commons-collections/commons-collections/3.2.2/commons-collections-3.2.2.jar:/Users/ryan.carter/.m2/repository/org/apache/commons/commons-lang3/3.6/commons-lang3-3.6.jar:/Users/ryan.carter/.m2/repository/commons-pool/commons-pool/1.6/commons-pool-1.6.jar:/Users/ryan.carter/.m2/repository/javax/transaction/javax.transaction-api/1.2/javax.transaction-api-1.2.jar:/Users/ryan.carter/.m2/repository/org/apache/geronimo/specs/geronimo-j2ee-connector_1.5_spec/2.0.0/geronimo-j2ee-connector_1.5_spec-2.0.0.jar:/Users/ryan.carter/.m2/repository/javax/inject/javax.inject/1/javax.inject-1.jar:/Users/ryan.carter/.m2/repository/org/mule/mvel/mule-mvel2/2.1.9-MULE-015/mule-mvel2-2.1.9-MULE-015.jar:/Users/ryan.carter/.m2/repository/org/jgrapht/jgrapht-jdk1.5/0.7.3/jgrapht-jdk1.5-0.7.3.jar:/Users/ryan.carter/.m2/repository/org/reflections/reflections/0.9.10/reflections-0.9.10.jar:/Users/ryan.carter/.m2/repository/org/mule/projectreactor/reactor-core/3.2.0.M1-MULE-001/reactor-core-3.2.0.M1-MULE-001.jar:/Users/ryan.carter/.m2/repository/io/projectreactor/addons/reactor-extra/3.1.2.RELEASE/reactor-extra-3.1.2.RELEASE.jar:/Users/ryan.carter/.m2/repository/org/yaml/snakeyaml/1.18/snakeyaml-1.18.jar:/Users/ryan.carter/.m2/repository/cglib/cglib-nodep/3.2.5/cglib-nodep-3.2.5.jar:/Users/ryan.carter/.m2/repository/org/apache/commons/commons-pool2/2.5.0/commons-pool2-2.5.0.jar:/Users/ryan.carter/.m2/repository/javax/jms/javax.jms-api/2.0.1/javax.jms-api-2.0.1.jar:/Users/ryan.carter/.m2/repository/org/mule/services/mule-service-scheduler/1.1.2/mule-service-scheduler-1.1.2-mule-service.jar:/Users/ryan.carter/.m2/repository/org/quartz-scheduler/quartz/2.2.3/quartz-2.2.3.jar:/Users/ryan.carter/.m2/repository/com/mchange/c3p0/0.9.5.2/c3p0-0.9.5.2.jar:/Users/ryan.carter/.m2/repository/com/mchange/mchange-commons-java/0.2.11/mchange-commons-java-0.2.11.jar:/Users/ryan.carter/.m2/repository/org/mule/runtime/mule-extensions-api/1.1.5/mule-extensions-api-1.1.5.jar:/Users/ryan.carter/.m2/repository/org/reactivestreams/reactive-streams/1.0.2/reactive-streams-1.0.2.jar:/Users/ryan.carter/.m2/repository/org/mule/runtime/mule-api/1.1.1/mule-api-1.1.1.jar:/Users/ryan.carter/.m2/repository/org/slf4j/slf4j-api/1.7.25/slf4j-api-1.7.25.jar:/Users/ryan.carter/.m2/repository/org/mule/runtime/mule-artifact-declaration/1.1.1/mule-artifact-declaration-1.1.1.jar:/Users/ryan.carter/.m2/repository/org/mule/runtime/mule-module-extensions-spring-support/4.1.1/mule-module-extensions-spring-support-4.1.1.jar:/Users/ryan.carter/.m2/repository/org/mule/runtime/mule-module-spring-config/4.1.1/mule-module-spring-config-4.1.1.jar:/Users/ryan.carter/.m2/repository/org/mule/runtime/mule-module-artifact/4.1.1/mule-module-artifact-4.1.1.jar:/Users/ryan.carter/.m2/repository/org/springframework/spring-context/4.1.9.RELEASE/spring-context-4.1.9.RELEASE.jar:/Users/ryan.carter/.m2/repository/org/springframework/spring-beans/4.1.9.RELEASE/spring-beans-4.1.9.RELEASE.jar:/Users/ryan.carter/.m2/repository/org/springframework/spring-core/4.1.9.RELEASE/spring-core-4.1.9.RELEASE.jar:/Users/ryan.carter/.m2/repository/org/springframework/spring-expression/4.1.9.RELEASE/spring-expression-4.1.9.RELEASE.jar:/Users/ryan.carter/.m2/repository/org/springframework/spring-aop/4.1.9.RELEASE/spring-aop-4.1.9.RELEASE.jar:/Users/ryan.carter/.m2/repository/aopalliance/aopalliance/1.0/aopalliance-1.0.jar:/Users/ryan.carter/.m2/repository/org/mule/runtime/mule-module-extensions-support/4.1.1/mule-module-extensions-support-4.1.1.jar:/Users/ryan.carter/.m2/repository/org/mule/runtime/mule-extensions-api-dsql/1.1.1/mule-extensions-api-dsql-1.1.1.jar:/Users/ryan.carter/.m2/repository/org/antlr/antlr-runtime/3.5/antlr-runtime-3.5.jar:/Users/ryan.carter/.m2/repository/org/antlr/stringtemplate/3.2.1/stringtemplate-3.2.1.jar:/Users/ryan.carter/.m2/repository/org/mule/runtime/mule-extensions-api-persistence/1.1.1/mule-extensions-api-persistence-1.1.1.jar:/Users/ryan.carter/.m2/repository/org/mule/runtime/mule-metadata-model-persistence/1.1.1/mule-metadata-model-persistence-1.1.1.jar:/Users/ryan.carter/.m2/repository/org/mule/runtime/mule-service-oauth-api/4.1.1/mule-service-oauth-api-4.1.1.jar:/Users/ryan.carter/.m2/repository/org/mule/runtime/mule-module-extensions-soap-support/4.1.1/mule-module-extensions-soap-support-4.1.1.jar:/Users/ryan.carter/.m2/repository/org/mule/runtime/mule-extensions-soap-api/1.1.1/mule-extensions-soap-api-1.1.1.jar:/Users/ryan.carter/.m2/repository/org/mule/runtime/mule-service-soap-api/4.1.1/mule-service-soap-api-4.1.1.jar:/Users/ryan.carter/.m2/repository/org/mule/runtime/mule-module-tls/4.1.1/mule-module-tls-4.1.1.jar:/Users/ryan.carter/.m2/repository/jboss/javassist/3.7.ga/javassist-3.7.ga.jar:/Users/ryan.carter/.m2/repository/joda-time/joda-time/2.9.1/joda-time-2.9.1.jar:/Users/ryan.carter/.m2/repository/dom4j/dom4j/1.6.1/dom4j-1.6.1.jar:/Users/ryan.carter/.m2/repository/jaxen/jaxen/1.1.1/jaxen-1.1.1.jar:/Users/ryan.carter/.m2/repository/org/mule/runtime/mule-extension-ast-loader/1.0.1/mule-extension-ast-loader-1.0.1.jar:/Users/ryan.carter/.m2/repository/org/mule/runtime/mule-metadata-model-java-ast/1.1.1/mule-metadata-model-java-ast-1.1.1.jar:/Users/ryan.carter/.m2/repository/org/mule/runtime/mule-metadata-model-xml/1.1.1/mule-metadata-model-xml-1.1.1.jar:/Users/ryan.carter/.m2/repository/org/apache/xmlbeans/xmlbeans/2.6.0/xmlbeans-2.6.0.jar:/Users/ryan.carter/.m2/repository/org/mule/apache/xerces2-xsd11/2.11.3/xerces2-xsd11-2.11.3.jar:/Users/ryan.carter/.m2/repository/org/mule/runtime/mule-metadata-model-java/1.1.1/mule-metadata-model-java-1.1.1.jar:/Users/ryan.carter/.m2/repository/org/mule/runtime/mule-module-service/4.1.1/mule-module-service-4.1.1.jar:/Users/ryan.carter/.m2/repository/org/mule/runtime/mule-module-container/4.1.1/mule-module-container-4.1.1.jar:/Users/ryan.carter/.m2/repository/org/mule/runtime/mule-module-deployment-model/4.1.1/mule-module-deployment-model-4.1.1.jar:/Users/ryan.carter/.m2/repository/org/mule/runtime/mule-module-reboot/4.1.1/mule-module-reboot-4.1.1.jar:/Users/ryan.carter/.m2/repository/tanukisoft/wrapper/3.2.3/wrapper-3.2.3.jar:/Users/ryan.carter/.m2/repository/org/mule/tools/maven/mule-classloader-model/3.1.1/mule-classloader-model-3.1.1.jar:/Users/ryan.carter/.m2/repository/org/mule/services/mule-service-weave/2.1.2/mule-service-weave-2.1.2-mule-service.jar:/Users/ryan.carter/.m2/repository/org/scala-lang/scala-library/2.12.4/scala-library-2.12.4.jar:/Users/ryan.carter/.m2/repository/org/mule/weave/runtime/2.1.2/runtime-2.1.2.jar:/Users/ryan.carter/.m2/repository/org/mule/weave/wlang/2.1.2/wlang-2.1.2.jar:/Users/ryan.carter/.m2/repository/org/mule/weave/core/2.1.2/core-2.1.2.jar:/Users/ryan.carter/.m2/repository/org/mule/weave/parser/2.1.2/parser-2.1.2.jar:/Users/ryan.carter/.m2/repository/org/parboiled/parboiled_2.12/2.1.4/parboiled_2.12-2.1.4.jar:/Users/ryan.carter/.m2/repository/com/chuusai/shapeless_2.12/2.3.2/shapeless_2.12-2.3.2.jar:/Users/ryan.carter/.m2/repository/org/typelevel/macro-compat_2.12/1.1.1/macro-compat_2.12-1.1.1.jar:/Users/ryan.carter/.m2/repository/org/typelevel/spire_2.12/0.14.1/spire_2.12-0.14.1.jar:/Users/ryan.carter/.m2/repository/org/typelevel/spire-macros_2.12/0.14.1/spire-macros_2.12-0.14.1.jar:/Users/ryan.carter/.m2/repository/org/typelevel/machinist_2.12/0.6.1/machinist_2.12-0.6.1.jar:/Users/ryan.carter/.m2/repository/org/scala-lang/scala-reflect/2.12.0/scala-reflect-2.12.0.jar:/Users/ryan.carter/.m2/repository/org/typelevel/algebra_2.12/0.7.0/algebra_2.12-0.7.0.jar:/Users/ryan.carter/.m2/repository/org/typelevel/cats-kernel_2.12/0.9.0/cats-kernel_2.12-0.9.0.jar:/Users/ryan.carter/.m2/repository/org/mule/weave/core-modules/2.1.2/core-modules-2.1.2.jar:/Users/ryan.carter/.m2/repository/com/fasterxml/woodstox/woodstox-core/5.0.2/woodstox-core-5.0.2.jar:/Users/ryan.carter/.m2/repository/org/codehaus/woodstox/stax2-api/3.1.4/stax2-api-3.1.4.jar:/Users/ryan.carter/.m2/repository/com/fasterxml/aalto-xml/1.0.0/aalto-xml-1.0.0.jar:/Users/ryan.carter/.m2/repository/org/mule/weave/debugger/2.1.2/debugger-2.1.2.jar:/Users/ryan.carter/.m2/repository/org/mule/weave/yaml-module/2.1.2/yaml-module-2.1.2.jar:/Users/ryan.carter/.m2/repository/org/mule/syaml/syaml_2.12/0.0.10/syaml_2.12-0.0.10.jar:/Users/ryan.carter/.m2/repository/org/mule/common/scala-common_2.12/0.1.2/scala-common_2.12-0.1.2.jar:/Users/ryan.carter/.m2/repository/org/scalactic/scalactic_2.12/3.0.1/scalactic_2.12-3.0.1.jar:/Users/ryan.carter/.m2/repository/org/mule/tests/plugin/mule-tests-component-plugin/4.1.1/mule-tests-component-plugin-4.1.1-mule-plugin.jar:/Users/ryan.carter/.m2/repository/org/mule/tests/plugin/mule-core-deprecated-schema-plugin/4.1.1/mule-core-deprecated-schema-plugin-4.1.1-mule-plugin.jar:/Users/ryan.carter/.m2/repository/org/mule/tests/mule-tests-functional/4.1.1/mule-tests-functional-4.1.1.jar:/Users/ryan.carter/.m2/repository/org/mule/runtime/mule-module-service/4.1.1/mule-module-service-4.1.1-tests.jar:/Users/ryan.carter/.m2/repository/org/mule/runtime/mule-module-artifact/4.1.1/mule-module-artifact-4.1.1-tests.jar:/Users/ryan.carter/.m2/repository/org/mule/tests/mule-tests-model/4.1.1/mule-tests-model-4.1.1.jar:/Users/ryan.carter/.m2/repository/org/mule/tests/mule-tests-runner/4.1.1/mule-tests-runner-4.1.1.jar:/Users/ryan.carter/.m2/repository/org/mule/mule-maven-client-api/1.1.1/mule-maven-client-api-1.1.1.jar:/Users/ryan.carter/.m2/repository/org/apache/maven/maven-model/3.3.9/maven-model-3.3.9.jar:/Users/ryan.carter/.m2/repository/org/codehaus/plexus/plexus-utils/3.0.24/plexus-utils-3.0.24.jar:/Users/ryan.carter/.m2/repository/org/mule/mule-maven-client-impl/1.1.1/mule-maven-client-impl-1.1.1.jar:/Users/ryan.carter/.m2/repository/com/vdurmont/semver4j/2.0.3/semver4j-2.0.3.jar:/Users/ryan.carter/.m2/repository/org/eclipse/aether/aether-api/1.0.2.v20150114/aether-api-1.0.2.v20150114.jar:/Users/ryan.carter/.m2/repository/org/eclipse/aether/aether-util/1.0.2.v20150114/aether-util-1.0.2.v20150114.jar:/Users/ryan.carter/.m2/repository/org/eclipse/aether/aether-connector-basic/1.0.2.v20150114/aether-connector-basic-1.0.2.v20150114.jar:/Users/ryan.carter/.m2/repository/org/eclipse/aether/aether-spi/1.0.2.v20150114/aether-spi-1.0.2.v20150114.jar:/Users/ryan.carter/.m2/repository/org/eclipse/aether/aether-transport-file/1.0.2.v20150114/aether-transport-file-1.0.2.v20150114.jar:/Users/ryan.carter/.m2/repository/org/eclipse/aether/aether-transport-http/1.0.2.v20150114/aether-transport-http-1.0.2.v20150114.jar:/Users/ryan.carter/.m2/repository/org/apache/httpcomponents/httpclient/4.5.4/httpclient-4.5.4.jar:/Users/ryan.carter/.m2/repository/org/apache/httpcomponents/httpcore/4.4.7/httpcore-4.4.7.jar:/Users/ryan.carter/.m2/repository/commons-codec/commons-codec/1.10/commons-codec-1.10.jar:/Users/ryan.carter/.m2/repository/org/apache/maven/maven-settings-builder/3.3.9/maven-settings-builder-3.3.9.jar:/Users/ryan.carter/.m2/repository/org/apache/maven/maven-builder-support/3.3.9/maven-builder-support-3.3.9.jar:/Users/ryan.carter/.m2/repository/org/codehaus/plexus/plexus-interpolation/1.21/plexus-interpolation-1.21.jar:/Users/ryan.carter/.m2/repository/org/codehaus/plexus/plexus-component-annotations/1.6/plexus-component-annotations-1.6.jar:/Users/ryan.carter/.m2/repository/org/apache/maven/maven-settings/3.3.9/maven-settings-3.3.9.jar:/Users/ryan.carter/.m2/repository/org/sonatype/plexus/plexus-sec-dispatcher/1.3/plexus-sec-dispatcher-1.3.jar:/Users/ryan.carter/.m2/repository/org/sonatype/plexus/plexus-cipher/1.4/plexus-cipher-1.4.jar:/Users/ryan.carter/.m2/repository/org/apache/maven/maven-aether-provider/3.3.9/maven-aether-provider-3.3.9.jar:/Users/ryan.carter/.m2/repository/org/apache/maven/maven-model-builder/3.3.9/maven-model-builder-3.3.9.jar:/Users/ryan.carter/.m2/repository/org/apache/maven/maven-artifact/3.3.9/maven-artifact-3.3.9.jar:/Users/ryan.carter/.m2/repository/org/apache/maven/maven-repository-metadata/3.3.9/maven-repository-metadata-3.3.9.jar:/Users/ryan.carter/.m2/repository/org/eclipse/aether/aether-impl/1.0.2.v20150114/aether-impl-1.0.2.v20150114.jar:/Users/ryan.carter/.m2/repository/com/beust/jcommander/1.69/jcommander-1.69.jar:/Users/ryan.carter/.m2/repository/junit/junit/4.12/junit-4.12.jar:/Users/ryan.carter/.m2/repository/org/mule/tests/mule-tests-unit/4.1.1/mule-tests-unit-4.1.1.jar:/Users/ryan.carter/.m2/repository/org/mule/runtime/mule-module-logging/4.1.1/mule-module-logging-4.1.1.jar:/Users/ryan.carter/.m2/repository/com/lmax/disruptor/3.3.7/disruptor-3.3.7.jar:/Users/ryan.carter/.m2/repository/org/apache/logging/log4j/log4j-api/2.10.0/log4j-api-2.10.0.jar:/Users/ryan.carter/.m2/repository/org/apache/logging/log4j/log4j-core/2.10.0/log4j-core-2.10.0.jar:/Users/ryan.carter/.m2/repository/org/apache/logging/log4j/log4j-slf4j-impl/2.10.0/log4j-slf4j-impl-2.10.0.jar:/Users/ryan.carter/.m2/repository/org/apache/logging/log4j/log4j-1.2-api/2.10.0/log4j-1.2-api-2.10.0.jar:/Users/ryan.carter/.m2/repository/org/slf4j/jcl-over-slf4j/1.7.25/jcl-over-slf4j-1.7.25.jar:/Users/ryan.carter/.m2/repository/org/slf4j/jul-to-slf4j/1.7.25/jul-to-slf4j-1.7.25.jar:/Users/ryan.carter/.m2/repository/org/mockito/mockito-core/1.10.19/mockito-core-1.10.19.jar:/Users/ryan.carter/.m2/repository/org/objenesis/objenesis/2.1/objenesis-2.1.jar:/Users/ryan.carter/.m2/repository/org/hamcrest/hamcrest-library/1.3/hamcrest-library-1.3.jar:/Users/ryan.carter/.m2/repository/org/hamcrest/hamcrest-core/1.3/hamcrest-core-1.3.jar:"/>
    <property name="sun.cpu.endian" value="little"/>
    <property name="user.home" value="/Users/ryan.carter"/>
    <property name="user.language" value="en"/>
    <property name="java.specification.vendor" value="Oracle Corporation"/>
    <property name="java.home" value="/Library/Java/JavaVirtualMachines/jdk1.8.0_202.jdk/Contents/Home/jre"/>
    <property name="basedir" value="/Users/ryan.carter/workspace/mule-xyz-connector"/>
    <property name="file.separator" value="/"/>
    <property name="line.separator" value="&#10;"/>
    <property name="java.vm.specification.vendor" value="Oracle Corporation"/>
    <property name="java.specification.name" value="Java Platform API Specification"/>
    <property name="java.awt.graphicsenv" value="sun.awt.CGraphicsEnvironment"/>
    <property name="surefire.real.class.path" value="/Users/ryan.carter/workspace/mule-xyz-connector/target/surefire/surefirebooter4021108292906085391.jar"/>
    <property name="sun.boot.class.path" value="/Library/Java/JavaVirtualMachines/jdk1.8.0_202.jdk/Contents/Home/jre/lib/resources.jar:/Library/Java/JavaVirtualMachines/jdk1.8.0_202.jdk/Contents/Home/jre/lib/rt.jar:/Library/Java/JavaVirtualMachines/jdk1.8.0_202.jdk/Contents/Home/jre/lib/sunrsasign.jar:/Library/Java/JavaVirtualMachines/jdk1.8.0_202.jdk/Contents/Home/jre/lib/jsse.jar:/Library/Java/JavaVirtualMachines/jdk1.8.0_202.jdk/Contents/Home/jre/lib/jce.jar:/Library/Java/JavaVirtualMachines/jdk1.8.0_202.jdk/Contents/Home/jre/lib/charsets.jar:/Library/Java/JavaVirtualMachines/jdk1.8.0_202.jdk/Contents/Home/jre/lib/jfr.jar:/Library/Java/JavaVirtualMachines/jdk1.8.0_202.jdk/Contents/Home/jre/classes"/>
    <property name="sun.management.compiler" value="HotSpot 64-Bit Tiered Compilers"/>
    <property name="ftp.nonProxyHosts" value="local|*.local|169.254/16|*.169.254/16"/>
    <property name="java.runtime.version" value="1.8.0_202-ea-b03"/>
    <property name="user.name" value="ryan.carter"/>
    <property name="path.separator" value=":"/>
    <property name="os.version" value="10.14.6"/>
    <property name="java.endorsed.dirs" value="/Library/Java/JavaVirtualMachines/jdk1.8.0_202.jdk/Contents/Home/jre/lib/endorsed"/>
    <property name="java.runtime.name" value="Java(TM) SE Runtime Environment"/>
    <property name="file.encoding" value="UTF-8"/>
    <property name="java.vm.name" value="Java HotSpot(TM) 64-Bit Server VM"/>
    <property name="localRepository" value="/Users/ryan.carter/.m2/repository"/>
    <property name="java.vendor.url.bug" value="http://bugreport.sun.com/bugreport/"/>
    <property name="java.io.tmpdir" value="/var/folders/l4/bs3hhw1n48s84ms0gysh76hh0000gq/T/"/>
    <property name="java.version" value="1.8.0_202-ea"/>
    <property name="user.dir" value="/Users/ryan.carter/workspace/mule-xyz-connector"/>
    <property name="os.arch" value="x86_64"/>
    <property name="java.vm.specification.name" value="Java Virtual Machine Specification"/>
    <property name="java.awt.printerjob" value="sun.lwawt.macosx.CPrinterJob"/>
    <property name="sun.os.patch.level" value="unknown"/>
    <property name="java.library.path" value="/Users/ryan.carter/Library/Java/Extensions:/Library/Java/Extensions:/Network/Library/Java/Extensions:/System/Library/Java/Extensions:/usr/lib/java:."/>
    <property name="java.vm.info" value="mixed mode"/>
    <property name="java.vendor" value="Oracle Corporation"/>
    <property name="java.vm.version" value="25.202-b03"/>
    <property name="java.ext.dirs" value="/Users/ryan.carter/Library/Java/Extensions:/Library/Java/JavaVirtualMachines/jdk1.8.0_202.jdk/Contents/Home/jre/lib/ext:/Library/Java/Extensions:/Network/Library/Java/Extensions:/System/Library/Java/Extensions:/usr/lib/java"/>
    <property name="sun.io.unicode.encoding" value="UnicodeBig"/>
    <property name="java.class.version" value="52.0"/>
    <property name="socksNonProxyHosts" value="local|*.local|169.254/16|*.169.254/16"/>
  </properties>
  <testcase name="executeRetrieveOperation" classname="com.mycompany.mule.extension.xyz.XyzOperationsTestCase" time="3.845"/>
  <testcase name="executeStoreOperation" classname="com.mycompany.mule.extension.xyz.XyzOperationsTestCase" time="2.1"/>
</testsuite>